<?xml version="1.0" encoding="UTF-8" ?>
<testsuite tests="8" failures="0" name="AccountTest" time="0.024" errors="0" skipped="0">
  <properties>
[...]
</properties>
  <testcase classname="AccountTest" name="checkNameToEmboss[0]" time="0.023"/>
  <testcase classname="AccountTest" name="checkNameToEmboss[1]" time="0"/>
  <testcase classname="AccountTest" name="checkNameToEmboss[2]" time="0"/>
  <testcase classname="AccountTest" name="checkNameToEmboss[3]" time="0"/>
  <testcase classname="AccountTest" name="checkNameToEmboss[4]" time="0"/>
  <testcase classname="AccountTest" name="checkNameToEmboss[5]" time="0.001"/>
  <testcase classname="AccountTest" name="checkNameToEmboss[6]" time="0"/>
  <testcase classname="AccountTest" name="checkNameToEmboss[7]" time="0"/>
</testsuite>